<?xml version="1.0" encoding="UTF-8"?>
<!-- Generated by org.testng.reporters.JUnitReportReporter -->
<testsuite hostname="LAPTOP-HH7IGSDH" failures="0" tests="1" name="com.RecipeScrapingHackathon.testCases.TC14_ScrapingAlphabetN" time="19.655" errors="1" timestamp="14 Feb 2022 06:53:51 GMT" skipped="0">
  <testcase classname="com.RecipeScrapingHackathon.testCases.TC14_ScrapingAlphabetN" name="ScrapingPageTestN" time="19.655">
    <error message="OOXML file structure broken/invalid - core document &#039;/xl/workbook.xml&#039; not found." type="org.apache.poi.POIXMLException">
      <![CDATA[org.apache.poi.POIXMLException: OOXML file structure broken/invalid - core document '/xl/workbook.xml' not found.
at org.apache.poi.POIXMLDocumentPart.getPartFromOPCPackage(POIXMLDocumentPart.java:661)
at org.apache.poi.POIXMLDocumentPart.<init>(POIXMLDocumentPart.java:128)
at org.apache.poi.POIXMLDocumentPart.<init>(POIXMLDocumentPart.java:118)
at org.apache.poi.POIXMLDocument.<init>(POIXMLDocument.java:61)
at org.apache.poi.xssf.usermodel.XSSFWorkbook.<init>(XSSFWorkbook.java:295)
at com.RecipeScrapingHackathon.utilities.XLUtils.setCellData(XLUtils.java:102)
at com.RecipeScrapingHackathon.pageObjects.ScrapingPageAlphabetN.setupExcelHeader(ScrapingPageAlphabetN.java:309)
at com.RecipeScrapingHackathon.testCases.TC14_ScrapingAlphabetN.ScrapingPageTestN(TC14_ScrapingAlphabetN.java:45)
at java.base/jdk.internal.reflect.NativeMethodAccessorImpl.invoke0(Native Method)
at java.base/jdk.internal.reflect.NativeMethodAccessorImpl.invoke(NativeMethodAccessorImpl.java:77)
at java.base/jdk.internal.reflect.DelegatingMethodAccessorImpl.invoke(DelegatingMethodAccessorImpl.java:43)
at java.base/java.lang.reflect.Method.invoke(Method.java:568)
at org.testng.internal.MethodInvocationHelper.invokeMethod(MethodInvocationHelper.java:124)
at org.testng.internal.Invoker.invokeMethod(Invoker.java:583)
at org.testng.internal.Invoker.invokeTestMethod(Invoker.java:719)
at org.testng.internal.Invoker.invokeTestMethods(Invoker.java:989)
at org.testng.internal.TestMethodWorker.invokeTestMethods(TestMethodWorker.java:125)
at org.testng.internal.TestMethodWorker.run(TestMethodWorker.java:109)
at org.testng.TestRunner.privateRun(TestRunner.java:648)
at org.testng.TestRunner.run(TestRunner.java:505)
at org.testng.SuiteRunner.runTest(SuiteRunner.java:455)
at org.testng.SuiteRunner.access$000(SuiteRunner.java:40)
at org.testng.SuiteRunner$SuiteWorker.run(SuiteRunner.java:489)
at org.testng.internal.thread.ThreadUtil$1.call(ThreadUtil.java:52)
at java.base/java.util.concurrent.FutureTask.run(FutureTask.java:264)
at java.base/java.util.concurrent.ThreadPoolExecutor.runWorker(ThreadPoolExecutor.java:1136)
at java.base/java.util.concurrent.ThreadPoolExecutor$Worker.run(ThreadPoolExecutor.java:635)
at java.base/java.lang.Thread.run(Thread.java:833)
]]>
    </error>
  </testcase> <!-- ScrapingPageTestN -->
</testsuite> <!-- com.RecipeScrapingHackathon.testCases.TC14_ScrapingAlphabetN -->
